<?xml version="1.0" encoding="UTF-8"?>
<testsuite xmlns:xsi="http://www.w3.org/2001/XMLSchema-instance" xsi:noNamespaceSchemaLocation="https://maven.apache.org/surefire/maven-surefire-plugin/xsd/surefire-test-report.xsd" name="com.geekbrains.lesson1.AppTest" time="0.063" tests="1" errors="0" skipped="0" failures="0">
  <properties>
    <property name="java.specification.version" value="17"/>
    <property name="sun.cpu.isalist" value="amd64"/>
    <property name="sun.jnu.encoding" value="UTF-8"/>
    <property name="java.class.path" value="D:\java\java-seminars\9.Spring\lesson1\lesson1\target\test-classes;D:\java\java-seminars\9.Spring\lesson1\lesson1\target\classes;C:\Users\Fastec\.m2\repository\junit\junit\4.11\junit-4.11.jar;C:\Users\Fastec\.m2\repository\org\hamcrest\hamcrest-core\1.3\hamcrest-core-1.3.jar;"/>
    <property name="java.vm.vendor" value="Amazon.com Inc."/>
    <property name="sun.arch.data.model" value="64"/>
    <property name="user.variant" value=""/>
    <property name="java.vendor.url" value="https://aws.amazon.com/corretto/"/>
    <property name="user.timezone" value="Europe/Moscow"/>
    <property name="os.name" value="Windows 10"/>
    <property name="java.vm.specification.version" value="17"/>
    <property name="sun.java.launcher" value="SUN_STANDARD"/>
    <property name="user.country" value="RU"/>
    <property name="sun.boot.library.path" value="C:\Program Files\Amazon Corretto\jdk17.0.7_7\bin"/>
    <property name="sun.java.command" value="C:\Users\Fastec\AppData\Local\Temp\surefire2628968664229790392\surefirebooter15603374972233316269.jar C:\Users\Fastec\AppData\Local\Temp\surefire2628968664229790392 2023-12-28T15-41-21_486-jvmRun1 surefire2862505315631058169tmp surefire_018412793098925776910tmp"/>
    <property name="jdk.debug" value="release"/>
    <property name="surefire.test.class.path" value="D:\java\java-seminars\9.Spring\lesson1\lesson1\target\test-classes;D:\java\java-seminars\9.Spring\lesson1\lesson1\target\classes;C:\Users\Fastec\.m2\repository\junit\junit\4.11\junit-4.11.jar;C:\Users\Fastec\.m2\repository\org\hamcrest\hamcrest-core\1.3\hamcrest-core-1.3.jar;"/>
    <property name="sun.cpu.endian" value="little"/>
    <property name="user.home" value="C:\Users\Fastec"/>
    <property name="user.language" value="ru"/>
    <property name="java.specification.vendor" value="Oracle Corporation"/>
    <property name="java.version.date" value="2023-04-18"/>
    <property name="java.home" value="C:\Program Files\Amazon Corretto\jdk17.0.7_7"/>
    <property name="file.separator" value="\"/>
    <property name="basedir" value="D:\java\java-seminars\9.Spring\lesson1\lesson1"/>
    <property name="java.vm.compressedOopsMode" value="Zero based"/>
    <property name="line.separator" value="&#10;"/>
    <property name="java.vm.specification.vendor" value="Oracle Corporation"/>
    <property name="java.specification.name" value="Java Platform API Specification"/>
    <property name="surefire.real.class.path" value="C:\Users\Fastec\AppData\Local\Temp\surefire2628968664229790392\surefirebooter15603374972233316269.jar"/>
    <property name="user.script" value=""/>
    <property name="sun.management.compiler" value="HotSpot 64-Bit Tiered Compilers"/>
    <property name="java.runtime.version" value="17.0.7+7-LTS"/>
    <property name="user.name" value="Fastec"/>
    <property name="path.separator" value=";"/>
    <property name="os.version" value="10.0"/>
    <property name="java.runtime.name" value="OpenJDK Runtime Environment"/>
    <property name="file.encoding" value="UTF-8"/>
    <property name="java.vm.name" value="OpenJDK 64-Bit Server VM"/>
    <property name="java.vendor.version" value="Corretto-17.0.7.7.1"/>
    <property name="localRepository" value="C:\Users\Fastec\.m2\repository"/>
    <property name="java.vendor.url.bug" value="https://github.com/corretto/corretto-17/issues/"/>
    <property name="java.io.tmpdir" value="C:\Users\Fastec\AppData\Local\Temp\"/>
    <property name="java.version" value="17.0.7"/>
    <property name="user.dir" value="D:\java\java-seminars\9.Spring\lesson1\lesson1"/>
    <property name="os.arch" value="amd64"/>
    <property name="java.vm.specification.name" value="Java Virtual Machine Specification"/>
    <property name="sun.os.patch.level" value=""/>
    <property name="native.encoding" value="UTF-8"/>
    <property name="java.library.path" value="C:\Program Files\Amazon Corretto\jdk17.0.7_7\bin;C:\WINDOWS\Sun\Java\bin;C:\WINDOWS\system32;C:\WINDOWS;C:\Users\Fastec\bin;C:\Program Files\Git\mingw64\bin;C:\Program Files\Git\usr\local\bin;C:\Program Files\Git\usr\bin;C:\Program Files\Git\usr\bin;C:\Program Files\Git\mingw64\bin;C:\Program Files\Git\usr\bin;C:\Users\Fastec\bin;C:\Program Files\Amazon Corretto\jdk17.0.7_7\bin;C:\Program Files (x86)\gcc\bin;C:\Program Files (x86)\gcc\libexec\gcc\x86_64-w64-mingw32\12.2.0;C:\Program Files\Common Files\Oracle\Java\javapath;C:\mingw64\bin;C:\mingw64\libexec\gcc\x86_64-w64-mingw32\12.1.0;C:\windows\system32;C:\windows;C:\windows\system32\wbem;C:\windows\system32\windowspowershell\v1.0;C:\program files\polyspace\r2019b\runtime\win64;C:\program files\polyspace\r2019b\bin;C:\program files\matlab\r2017b\bin;C:\program files\cd-adapco\star-ccm+8.02.011;C:\program files\cd-adapco\star-view+8.02.011;C:\windows\system32\openssh;D:\zetlab;C:\program files\optomotive\optostreamsdk\bin;C:\program files\optomotive\optostreamsdk\genicam_v2_4\bin\windows;C:\program files\optomotive\optostreamsdk\genicam_v2_4\bin\windows\genapi\generic;C:\program files\polyspace\r2019b\polyspace\bin;C:\Program Files\Git\cmd;C:\mingw64;C:\mingw64\bin;C:\Program Files\dotnet;C:\Program Files\Elmer 9.0-Release\bin;D:\MATLAB Runtime\v97\runtime\win64;C:\Program Files\PowerShell\7;C:\Program Files\Docker\Docker\resources\bin;C:\Program Files\apache-maven-3.8.8\bin;C:\Program Files\MySQL\MySQL Shell 8.0\bin;C:\Program Files\gradle-8.5\bin;C:\Program Files\MySQL\MySQL Shell 8.0\bin;C:\Users\Fastec\AppData\Local\Programs\Python\Python310\Scripts;C:\Users\Fastec\AppData\Local\Programs\Python\Python310;C:\Users\Fastec\AppData\Local\Microsoft\WindowsApps;C:\Program Files\JetBrains\PyCharm Community Edition 2022.1.3\bin;C:\Users\Fastec\.dotnet\tools;C:\Users\Fastec\AppData\Local\Programs\Microsoft VS Code\bin;C:\Program Files\apache-maven-3.8.8\bin;C:\Program Files\Git\usr\bin\vendor_perl;C:\Program Files\Git\usr\bin\core_perl;."/>
    <property name="java.vm.info" value="mixed mode, sharing"/>
    <property name="java.vendor" value="Amazon.com Inc."/>
    <property name="java.vm.version" value="17.0.7+7-LTS"/>
    <property name="sun.io.unicode.encoding" value="UnicodeLittle"/>
    <property name="java.class.version" value="61.0"/>
  </properties>
  <testcase name="shouldAnswerWithTrue" classname="com.geekbrains.lesson1.AppTest" time="0.003"/>
</testsuite>